<?xml version="1.0" encoding="UTF-8"?>
<!-- Generated by org.testng.reporters.JUnitReportReporter -->
<testsuite hostname="Sunny" failures="0" tests="2" name="com.example.demo.TestClass" time="10.293" errors="0" timestamp="2022-04-05T12:03:08 IST" skipped="0">
  <testcase classname="com.example.demo.TestClass" name="test1" time="10.288"/>
  <system-out/>
  <testcase classname="com.example.demo.TestClass" name="test2" time="0.005"/>
  <system-out/>
</testsuite> <!-- com.example.demo.TestClass -->
